#
# A fatal error has been detected by the Java Runtime Environment:
#
#  EXCEPTION_ACCESS_VIOLATION (0xc0000005) at pc=0x0000000063bf7bff, pid=6288, tid=0x0000000000002eb8
#
# JRE version: Java(TM) SE Runtime Environment (8.0_201-b09) (build 1.8.0_201-b09)
# Java VM: Java HotSpot(TM) 64-Bit Server VM (25.201-b09 mixed mode windows-amd64 compressed oops)
# Problematic frame:
# V  [jvm.dll+0xf7bff]
#
# Failed to write core dump. Minidumps are not enabled by default on client versions of Windows
#
# If you would like to submit a bug report, please visit:
#   http://bugreport.java.com/bugreport/crash.jsp
#

---------------  T H R E A D  ---------------

Current thread (0x0000000002d9f800):  GCTaskThread [stack: 0x0000000012a20000,0x0000000012b20000] [id=11960]

siginfo: ExceptionCode=0xc0000005, reading address 0x0000000022f5cfb8

Registers:
RAX=0x0000000000194120, RBX=0x0000000000000000, RCX=0x0000000022dc8e88, RDX=0x000000000000ca09
RSP=0x0000000012b1e708, RBP=0x0000000012b1ec80, RSI=0x0000000012b1ee10, RDI=0x0000000012b1ee10
R8 =0x0000000000000000, R9 =0x000000001ea485e0, R10=0x0000000000000009, R11=0x000000001ea4984b
R12=0x0000000002da0300, R13=0x0000000012b1ec40, R14=0x00000000000003d8, R15=0x0000000012b1ec30
RIP=0x0000000063bf7bff, EFLAGS=0x0000000000010212

Top of Stack: (sp=0x0000000012b1e708)
0x0000000012b1e708:   0000000063bff640 0000000000000000
0x0000000012b1e718:   0000000000000000 0000000012b1ee10
0x0000000012b1e728:   0000000000000000 000040697391d295
0x0000000012b1e738:   0000000000000000 0000000064108f38
0x0000000012b1e748:   0000000002dcfd30 0000000000000002
0x0000000012b1e758:   000000000000000e 0000000012b1e780
0x0000000012b1e768:   0000000000000001 0000000000000000
0x0000000012b1e778:   0000000000000000 4fffffff4fffffff
0x0000000012b1e788:   000000004fffffff 0000000000000029
0x0000000012b1e798:   ffffffff0000000e 0000000012b1e7c0
0x0000000012b1e7a8:   0000000000000003 0000000000000000
0x0000000012b1e7b8:   0000000000000000 0000000012b1ed40
0x0000000012b1e7c8:   00000000000003d8 0000000019cf9b90
0x0000000012b1e7d8:   ffffffffffffffff 0000000000000000
0x0000000012b1e7e8:   0000000063bc5288 0000000012b1ed90
0x0000000012b1e7f8:   0000000012b1ee50 0000000019cf9f64 

Instructions: (pc=0x0000000063bf7bff)
0x0000000063bf7bdf:   74 3e 85 d2 79 13 f7 d2 48 63 c2 48 c1 e0 05 48
0x0000000063bf7bef:   8b 44 08 10 0f b7 c0 eb 12 48 63 c2 48 c1 e0 05
0x0000000063bf7bff:   48 8b 44 08 10 0f b7 d0 48 63 c2 41 0f b7 4c c1
0x0000000063bf7c0f:   52 48 63 c1 41 0f b7 44 c1 52 49 8b 44 c1 50 c3 


Register to memory mapping:

RAX=0x0000000000194120 is an unknown value
RBX=0x0000000000000000 is an unknown value
RCX=0x0000000022dc8e88 is pointing into metadata
RDX=0x000000000000ca09 is an unknown value
RSP=0x0000000012b1e708 is an unknown value
RBP=0x0000000012b1ec80 is an unknown value
RSI=0x0000000012b1ee10 is an unknown value
RDI=0x0000000012b1ee10 is an unknown value
R8 =0x0000000000000000 is an unknown value
R9 =0x000000001ea485e0 is pointing into metadata
R10=0x0000000000000009 is an unknown value
R11=0x000000001ea4984b is pointing into metadata
R12=0x0000000002da0300 is an unknown value
R13=0x0000000012b1ec40 is an unknown value
R14=0x00000000000003d8 is an unknown value
R15=0x0000000012b1ec30 is an unknown value


Stack: [0x0000000012a20000,0x0000000012b20000],  sp=0x0000000012b1e708,  free space=1017k
Native frames: (J=compiled Java code, j=interpreted, Vv=VM code, C=native code)
V  [jvm.dll+0xf7bff]

JavaThread 0x000000001b762000 (nid = 2088) was being processed
Java frames: (J=compiled Java code, j=interpreted, Vv=VM code)
j  cn.syf.csp.fais.api.NewStudentExcelApi.exportExcel()Ljava/lang/String;+746
v  ~StubRoutines::call_stub
J 2193  sun.reflect.NativeMethodAccessorImpl.invoke0(Ljava/lang/reflect/Method;Ljava/lang/Object;[Ljava/lang/Object;)Ljava/lang/Object; (0 bytes) @ 0x00000000036eb7bf [0x00000000036eb740+0x7f]
J 2191 C1 sun.reflect.NativeMethodAccessorImpl.invoke(Ljava/lang/Object;[Ljava/lang/Object;)Ljava/lang/Object; (104 bytes) @ 0x00000000036ebf7c [0x00000000036ebba0+0x3dc]
J 2183 C1 sun.reflect.DelegatingMethodAccessorImpl.invoke(Ljava/lang/Object;[Ljava/lang/Object;)Ljava/lang/Object; (10 bytes) @ 0x00000000036cf94c [0x00000000036cf8c0+0x8c]
J 3986 C1 java.lang.reflect.Method.invoke(Ljava/lang/Object;[Ljava/lang/Object;)Ljava/lang/Object; (62 bytes) @ 0x0000000002ff3a9c [0x0000000002ff3680+0x41c]
j  org.springframework.web.method.support.InvocableHandlerMethod.doInvoke([Ljava/lang/Object;)Ljava/lang/Object;+16
j  org.springframework.web.method.support.InvocableHandlerMethod.invokeForRequest(Lorg/springframework/web/context/request/NativeWebRequest;Lorg/springframework/web/method/support/ModelAndViewContainer;[Ljava/lang/Object;)Ljava/lang/Object;+56
j  org.springframework.web.servlet.mvc.method.annotation.ServletInvocableHandlerMethod.invokeAndHandle(Lorg/springframework/web/context/request/ServletWebRequest;Lorg/springframework/web/method/support/ModelAndViewContainer;[Ljava/lang/Object;)V+4
j  org.springframework.web.servlet.mvc.method.annotation.RequestMappingHandlerAdapter.invokeHandlerMethod(Ljavax/servlet/http/HttpServletRequest;Ljavax/servlet/http/HttpServletResponse;Lorg/springframework/web/method/HandlerMethod;)Lorg/springframework/web/servlet/ModelAndView;+244
j  org.springframework.web.servlet.mvc.method.annotation.RequestMappingHandlerAdapter.handleInternal(Ljavax/servlet/http/HttpServletRequest;Ljavax/servlet/http/HttpServletResponse;Lorg/springframework/web/method/HandlerMethod;)Lorg/springframework/web/servlet/ModelAndView;+81
j  org.springframework.web.servlet.mvc.method.AbstractHandlerMethodAdapter.handle(Ljavax/servlet/http/HttpServletRequest;Ljavax/servlet/http/HttpServletResponse;Ljava/lang/Object;)Lorg/springframework/web/servlet/ModelAndView;+7
j  org.springframework.web.servlet.DispatcherServlet.doDispatch(Ljavax/servlet/http/HttpServletRequest;Ljavax/servlet/http/HttpServletResponse;)V+259
j  org.springframework.web.servlet.DispatcherServlet.doService(Ljavax/servlet/http/HttpServletRequest;Ljavax/servlet/http/HttpServletResponse;)V+212
j  org.springframework.web.servlet.FrameworkServlet.processRequest(Ljavax/servlet/http/HttpServletRequest;Ljavax/servlet/http/HttpServletResponse;)V+71
j  org.springframework.web.servlet.FrameworkServlet.doPost(Ljavax/servlet/http/HttpServletRequest;Ljavax/servlet/http/HttpServletResponse;)V+3
j  javax.servlet.http.HttpServlet.service(Ljavax/servlet/http/HttpServletRequest;Ljavax/servlet/http/HttpServletResponse;)V+149
j  org.springframework.web.servlet.FrameworkServlet.service(Ljavax/servlet/http/HttpServletRequest;Ljavax/servlet/http/HttpServletResponse;)V+33
j  javax.servlet.http.HttpServlet.service(Ljavax/servlet/ServletRequest;Ljavax/servlet/ServletResponse;)V+37
j  org.apache.catalina.core.ApplicationFilterChain.internalDoFilter(Ljavax/servlet/ServletRequest;Ljavax/servlet/ServletResponse;)V+304
j  org.apache.catalina.core.ApplicationFilterChain.doFilter(Ljavax/servlet/ServletRequest;Ljavax/servlet/ServletResponse;)V+101
j  org.apache.tomcat.websocket.server.WsFilter.doFilter(Ljavax/servlet/ServletRequest;Ljavax/servlet/ServletResponse;Ljavax/servlet/FilterChain;)V+21
j  org.apache.catalina.core.ApplicationFilterChain.internalDoFilter(Ljavax/servlet/ServletRequest;Ljavax/servlet/ServletResponse;)V+135
j  org.apache.catalina.core.ApplicationFilterChain.doFilter(Ljavax/servlet/ServletRequest;Ljavax/servlet/ServletResponse;)V+101
j  org.springframework.web.filter.RequestContextFilter.doFilterInternal(Ljavax/servlet/http/HttpServletRequest;Ljavax/servlet/http/HttpServletResponse;Ljavax/servlet/FilterChain;)V+21
j  org.springframework.web.filter.OncePerRequestFilter.doFilter(Ljavax/servlet/ServletRequest;Ljavax/servlet/ServletResponse;Ljavax/servlet/FilterChain;)V+111
j  org.apache.catalina.core.ApplicationFilterChain.internalDoFilter(Ljavax/servlet/ServletRequest;Ljavax/servlet/ServletResponse;)V+135
j  org.apache.catalina.core.ApplicationFilterChain.doFilter(Ljavax/servlet/ServletRequest;Ljavax/servlet/ServletResponse;)V+101
j  org.springframework.web.filter.FormContentFilter.doFilterInternal(Ljavax/servlet/http/HttpServletRequest;Ljavax/servlet/http/HttpServletResponse;Ljavax/servlet/FilterChain;)V+38
j  org.springframework.web.filter.OncePerRequestFilter.doFilter(Ljavax/servlet/ServletRequest;Ljavax/servlet/ServletResponse;Ljavax/servlet/FilterChain;)V+111
j  org.apache.catalina.core.ApplicationFilterChain.internalDoFilter(Ljavax/servlet/ServletRequest;Ljavax/servlet/ServletResponse;)V+135
j  org.apache.catalina.core.ApplicationFilterChain.doFilter(Ljavax/servlet/ServletRequest;Ljavax/servlet/ServletResponse;)V+101
j  org.springframework.web.filter.HiddenHttpMethodFilter.doFilterInternal(Ljavax/servlet/http/HttpServletRequest;Ljavax/servlet/http/HttpServletResponse;Ljavax/servlet/FilterChain;)V+87
j  org.springframework.web.filter.OncePerRequestFilter.doFilter(Ljavax/servlet/ServletRequest;Ljavax/servlet/ServletResponse;Ljavax/servlet/FilterChain;)V+111
j  org.apache.catalina.core.ApplicationFilterChain.internalDoFilter(Ljavax/servlet/ServletRequest;Ljavax/servlet/ServletResponse;)V+135
j  org.apache.catalina.core.ApplicationFilterChain.doFilter(Ljavax/servlet/ServletRequest;Ljavax/servlet/ServletResponse;)V+101
j  org.springframework.web.filter.CharacterEncodingFilter.doFilterInternal(Ljavax/servlet/http/HttpServletRequest;Ljavax/servlet/http/HttpServletResponse;Ljavax/servlet/FilterChain;)V+53
j  org.springframework.web.filter.OncePerRequestFilter.doFilter(Ljavax/servlet/ServletRequest;Ljavax/servlet/ServletResponse;Ljavax/servlet/FilterChain;)V+111
j  org.apache.catalina.core.ApplicationFilterChain.internalDoFilter(Ljavax/servlet/ServletRequest;Ljavax/servlet/ServletResponse;)V+135
j  org.apache.catalina.core.ApplicationFilterChain.doFilter(Ljavax/servlet/ServletRequest;Ljavax/servlet/ServletResponse;)V+101
j  org.apache.catalina.core.StandardWrapperValve.invoke(Lorg/apache/catalina/connector/Request;Lorg/apache/catalina/connector/Response;)V+688
j  org.apache.catalina.core.StandardContextValve.invoke(Lorg/apache/catalina/connector/Request;Lorg/apache/catalina/connector/Response;)V+166
j  org.apache.catalina.authenticator.AuthenticatorBase.invoke(Lorg/apache/catalina/connector/Request;Lorg/apache/catalina/connector/Response;)V+260
j  org.apache.catalina.core.StandardHostValve.invoke(Lorg/apache/catalina/connector/Request;Lorg/apache/catalina/connector/Response;)V+114
j  org.apache.catalina.valves.ErrorReportValve.invoke(Lorg/apache/catalina/connector/Request;Lorg/apache/catalina/connector/Response;)V+6
j  org.apache.catalina.core.StandardEngineValve.invoke(Lorg/apache/catalina/connector/Request;Lorg/apache/catalina/connector/Response;)V+45
j  org.apache.catalina.connector.CoyoteAdapter.service(Lorg/apache/coyote/Request;Lorg/apache/coyote/Response;)V+200
j  org.apache.coyote.http11.Http11Processor.service(Lorg/apache/tomcat/util/net/SocketWrapperBase;)Lorg/apache/tomcat/util/net/AbstractEndpoint$Handler$SocketState;+799
j  org.apache.coyote.AbstractProcessorLight.process(Lorg/apache/tomcat/util/net/SocketWrapperBase;Lorg/apache/tomcat/util/net/SocketEvent;)Lorg/apache/tomcat/util/net/AbstractEndpoint$Handler$SocketState;+113
j  org.apache.coyote.AbstractProtocol$ConnectionHandler.process(Lorg/apache/tomcat/util/net/SocketWrapperBase;Lorg/apache/tomcat/util/net/SocketEvent;)Lorg/apache/tomcat/util/net/AbstractEndpoint$Handler$SocketState;+414
j  org.apache.tomcat.util.net.NioEndpoint$SocketProcessor.doRun()V+191
j  org.apache.tomcat.util.net.SocketProcessorBase.run()V+21
j  java.util.concurrent.ThreadPoolExecutor.runWorker(Ljava/util/concurrent/ThreadPoolExecutor$Worker;)V+95
j  java.util.concurrent.ThreadPoolExecutor$Worker.run()V+5
j  org.apache.tomcat.util.threads.TaskThread$WrappingRunnable.run()V+4
j  java.lang.Thread.run()V+11
v  ~StubRoutines::call_stub

---------------  P R O C E S S  ---------------

Java Threads: ( => current thread )
  0x000000001b758000 JavaThread "Thread-11" [_thread_blocked, id=10572, stack(0x0000000028c30000,0x0000000028d30000)]
  0x000000001b75b000 JavaThread "http-nio-8006-Acceptor-0" daemon [_thread_blocked, id=3004, stack(0x0000000028b30000,0x0000000028c30000)]
  0x0000000019a6c000 JavaThread "Catalina-utility-2" [_thread_blocked, id=10752, stack(0x0000000027b30000,0x0000000027c30000)]
  0x0000000019a6b800 JavaThread "Catalina-utility-1" [_thread_blocked, id=8800, stack(0x0000000027a30000,0x0000000027b30000)]
  0x000000001b766800 JavaThread "DestroyJavaVM" [_thread_blocked, id=5756, stack(0x0000000002a40000,0x0000000002b40000)]
  0x000000001b762000 JavaThread "http-nio-8006-exec-7" daemon [_thread_blocked, id=2088, stack(0x0000000024b60000,0x0000000024c60000)]
  0x000000001b75e000 JavaThread "Live Reload Server" daemon [_thread_in_native, id=5432, stack(0x00000000237d0000,0x00000000238d0000)]
  0x000000001ed95800 JavaThread "mysql-cj-abandoned-connection-cleanup" daemon [_thread_blocked, id=3032, stack(0x00000000235d0000,0x00000000236d0000)]
  0x0000000020beb800 JavaThread "JMX server connection timeout 22" daemon [_thread_blocked, id=1020, stack(0x00000000231d0000,0x00000000232d0000)]
  0x0000000020d44800 JavaThread "RMI Scheduler(0)" daemon [_thread_blocked, id=4660, stack(0x00000000230d0000,0x00000000231d0000)]
  0x00000000184b3800 JavaThread "RMI TCP Connection(idle)" daemon [_thread_blocked, id=5804, stack(0x0000000022fd0000,0x00000000230d0000)]
  0x000000001c1ff800 JavaThread "RMI TCP Accept-0" daemon [_thread_in_native, id=8740, stack(0x0000000022470000,0x0000000022570000)]
  0x0000000018e40000 JavaThread "Service Thread" daemon [_thread_blocked, id=7432, stack(0x0000000019830000,0x0000000019930000)]
  0x0000000018dbf800 JavaThread "C1 CompilerThread2" daemon [_thread_blocked, id=3720, stack(0x0000000019730000,0x0000000019830000)]
  0x0000000018db9000 JavaThread "C2 CompilerThread1" daemon [_thread_blocked, id=3028, stack(0x0000000019630000,0x0000000019730000)]
  0x0000000018db8800 JavaThread "C2 CompilerThread0" daemon [_thread_blocked, id=7112, stack(0x0000000019530000,0x0000000019630000)]
  0x000000001844d000 JavaThread "JDWP Command Reader" daemon [_thread_in_native, id=3296, stack(0x0000000018c30000,0x0000000018d30000)]
  0x0000000018449800 JavaThread "JDWP Event Helper Thread" daemon [_thread_blocked, id=76, stack(0x0000000018b30000,0x0000000018c30000)]
  0x000000001843c800 JavaThread "JDWP Transport Listener: dt_socket" daemon [_thread_blocked, id=2920, stack(0x0000000018a30000,0x0000000018b30000)]
  0x0000000018433800 JavaThread "Attach Listener" daemon [_thread_blocked, id=8708, stack(0x0000000018930000,0x0000000018a30000)]
  0x000000001713e000 JavaThread "Signal Dispatcher" daemon [_thread_blocked, id=9000, stack(0x0000000018830000,0x0000000018930000)]
  0x00000000170d0000 JavaThread "Finalizer" daemon [_thread_blocked, id=7288, stack(0x0000000018330000,0x0000000018430000)]
  0x0000000002e75000 JavaThread "Reference Handler" daemon [_thread_blocked, id=11276, stack(0x0000000018230000,0x0000000018330000)]

Other Threads:
  0x00000000170a8000 VMThread [stack: 0x0000000018130000,0x0000000018230000] [id=11920]
  0x0000000018eed800 WatcherThread [stack: 0x0000000019930000,0x0000000019a30000] [id=6264]

=>0x0000000002d9f800 (exited) GCTaskThread [stack: 0x0000000012a20000,0x0000000012b20000] [id=11960]

VM state:at safepoint (normal execution)

VM Mutex/Monitor currently owned by a thread:  ([mutex/lock_event])
[0x0000000002d84150] Threads_lock - owner thread: 0x00000000170a8000
[0x0000000002d860e0] Heap_lock - owner thread: 0x000000001b758000

heap address: 0x0000000090c00000, size: 1780 MB, Compressed Oops mode: 32-bit
Narrow klass base: 0x0000000000000000, Narrow klass shift: 3
Compressed class space size: 1073741824 Address: 0x0000000100000000

Heap:
 PSYoungGen      total 313344K, used 210200K [0x00000000daf00000, 0x00000000f1400000, 0x0000000100000000)
  eden space 311808K, 67% used [0x00000000daf00000,0x00000000e7c46150,0x00000000edf80000)
  from space 1536K, 0% used [0x00000000ef780000,0x00000000ef780000,0x00000000ef900000)
  to   space 14848K, 40% used [0x00000000f0580000,0x00000000f0b54c78,0x00000000f1400000)
 ParOldGen       total 112128K, used 23598K [0x0000000090c00000, 0x0000000097980000, 0x00000000daf00000)
  object space 112128K, 21% used [0x0000000090c00000,0x000000009230b868,0x0000000097980000)
 Metaspace       used 59445K, capacity 61685K, committed 61912K, reserved 1103872K
  class space    used 7455K, capacity 7833K, committed 7896K, reserved 1048576K

Card table byte_map: [0x0000000012240000,0x00000000125c0000] byte_map_base: 0x0000000011dba000

Marking Bits: (ParMarkBitMap*) 0x0000000064324ce0
 Begin Bits: [0x0000000012c20000, 0x00000000147f0000)
 End Bits:   [0x00000000147f0000, 0x00000000163c0000)

Polling page: 0x00000000009f0000

CodeCache: size=245760Kb used=24482Kb max_used=24536Kb free=221277Kb
 bounds [0x0000000002e80000, 0x00000000046b0000, 0x0000000011e80000]
 total_blobs=7097 nmethods=6567 adapters=450
 compilation: enabled

Compilation events (10 events):
Event: 1919.114 Thread 0x0000000018dbf800 7832       3       java.lang.Integer::parseInt (7 bytes)
Event: 1919.115 Thread 0x0000000018dbf800 nmethod 7832 0x0000000003691910 code [0x0000000003691a80, 0x0000000003691c08]
Event: 1919.117 Thread 0x0000000018dbf800 7833       1       org.apache.catalina.ContainerEvent::getType (5 bytes)
Event: 1919.118 Thread 0x0000000018dbf800 nmethod 7833 0x00000000033c7cd0 code [0x00000000033c7e20, 0x00000000033c7f30]
Event: 1919.119 Thread 0x0000000018dbf800 7834       1       org.apache.tomcat.util.collections.ManagedConcurrentWeakHashMap$Key::hashCode (5 bytes)
Event: 1919.119 Thread 0x0000000018dbf800 nmethod 7834 0x00000000033f2fd0 code [0x00000000033f3120, 0x00000000033f3230]
Event: 1919.136 Thread 0x0000000018dbf800 7835       3       com.sun.jmx.interceptor.DefaultMBeanServerInterceptor::nonDefaultDomain (43 bytes)
Event: 1919.138 Thread 0x0000000018dbf800 nmethod 7835 0x000000000461fad0 code [0x000000000461fd40, 0x0000000004620c08]
Event: 1919.138 Thread 0x0000000018dbf800 7836       3       java.util.Date::getTime (5 bytes)
Event: 1919.139 Thread 0x0000000018dbf800 nmethod 7836 0x00000000033a0150 code [0x00000000033a02c0, 0x00000000033a05c8]

GC Heap History (10 events):
Event: 1219.833 GC heap after
Heap after GC invocations=19 (full 3):
 PSYoungGen      total 339968K, used 1152K [0x00000000daf00000, 0x00000000f2380000, 0x0000000100000000)
  eden space 338432K, 0% used [0x00000000daf00000,0x00000000daf00000,0x00000000ef980000)
  from space 1536K, 75% used [0x00000000f2200000,0x00000000f2320000,0x00000000f2380000)
  to   space 15872K, 0% used [0x00000000f0480000,0x00000000f0480000,0x00000000f1400000)
 ParOldGen       total 112128K, used 32147K [0x0000000090c00000, 0x0000000097980000, 0x00000000daf00000)
  object space 112128K, 28% used [0x0000000090c00000,0x0000000092b64d98,0x0000000097980000)
 Metaspace       used 58444K, capacity 60723K, committed 60888K, reserved 1101824K
  class space    used 7423K, capacity 7818K, committed 7896K, reserved 1048576K
}
Event: 1527.744 GC heap before
{Heap before GC invocations=20 (full 3):
 PSYoungGen      total 339968K, used 339584K [0x00000000daf00000, 0x00000000f2380000, 0x0000000100000000)
  eden space 338432K, 100% used [0x00000000daf00000,0x00000000ef980000,0x00000000ef980000)
  from space 1536K, 75% used [0x00000000f2200000,0x00000000f2320000,0x00000000f2380000)
  to   space 15872K, 0% used [0x00000000f0480000,0x00000000f0480000,0x00000000f1400000)
 ParOldGen       total 112128K, used 32147K [0x0000000090c00000, 0x0000000097980000, 0x00000000daf00000)
  object space 112128K, 28% used [0x0000000090c00000,0x0000000092b64d98,0x0000000097980000)
 Metaspace       used 58448K, capacity 60787K, committed 60888K, reserved 1101824K
  class space    used 7423K, capacity 7818K, committed 7896K, reserved 1048576K
Event: 1527.753 GC heap after
Heap after GC invocations=20 (full 3):
 PSYoungGen      total 326144K, used 1168K [0x00000000daf00000, 0x00000000f2280000, 0x0000000100000000)
  eden space 324608K, 0% used [0x00000000daf00000,0x00000000daf00000,0x00000000eec00000)
  from space 1536K, 76% used [0x00000000f0480000,0x00000000f05a4010,0x00000000f0600000)
  to   space 15360K, 0% used [0x00000000f1380000,0x00000000f1380000,0x00000000f2280000)
 ParOldGen       total 112128K, used 32147K [0x0000000090c00000, 0x0000000097980000, 0x00000000daf00000)
  object space 112128K, 28% used [0x0000000090c00000,0x0000000092b64d98,0x0000000097980000)
 Metaspace       used 58448K, capacity 60787K, committed 60888K, reserved 1101824K
  class space    used 7423K, capacity 7818K, committed 7896K, reserved 1048576K
}
Event: 1824.828 GC heap before
{Heap before GC invocations=21 (full 3):
 PSYoungGen      total 326144K, used 325776K [0x00000000daf00000, 0x00000000f2280000, 0x0000000100000000)
  eden space 324608K, 100% used [0x00000000daf00000,0x00000000eec00000,0x00000000eec00000)
  from space 1536K, 76% used [0x00000000f0480000,0x00000000f05a4010,0x00000000f0600000)
  to   space 15360K, 0% used [0x00000000f1380000,0x00000000f1380000,0x00000000f2280000)
 ParOldGen       total 112128K, used 32147K [0x0000000090c00000, 0x0000000097980000, 0x00000000daf00000)
  object space 112128K, 28% used [0x0000000090c00000,0x0000000092b64d98,0x0000000097980000)
 Metaspace       used 58480K, capacity 60799K, committed 60888K, reserved 1101824K
  class space    used 7425K, capacity 7820K, committed 7896K, reserved 1048576K
Event: 1824.838 GC heap after
Heap after GC invocations=21 (full 3):
 PSYoungGen      total 313856K, used 1648K [0x00000000daf00000, 0x00000000f1580000, 0x0000000100000000)
  eden space 311808K, 0% used [0x00000000daf00000,0x00000000daf00000,0x00000000edf80000)
  from space 2048K, 80% used [0x00000000f1380000,0x00000000f151c0f0,0x00000000f1580000)
  to   space 15360K, 0% used [0x00000000ef780000,0x00000000ef780000,0x00000000f0680000)
 ParOldGen       total 112128K, used 32155K [0x0000000090c00000, 0x0000000097980000, 0x00000000daf00000)
  object space 112128K, 28% used [0x0000000090c00000,0x0000000092b66d98,0x0000000097980000)
 Metaspace       used 58480K, capacity 60799K, committed 60888K, reserved 1101824K
  class space    used 7425K, capacity 7820K, committed 7896K, reserved 1048576K
}
Event: 1905.527 GC heap before
{Heap before GC invocations=22 (full 3):
 PSYoungGen      total 313856K, used 99275K [0x00000000daf00000, 0x00000000f1580000, 0x0000000100000000)
  eden space 311808K, 31% used [0x00000000daf00000,0x00000000e0e56e08,0x00000000edf80000)
  from space 2048K, 80% used [0x00000000f1380000,0x00000000f151c0f0,0x00000000f1580000)
  to   space 15360K, 0% used [0x00000000ef780000,0x00000000ef780000,0x00000000f0680000)
 ParOldGen       total 112128K, used 32155K [0x0000000090c00000, 0x0000000097980000, 0x00000000daf00000)
  object space 112128K, 28% used [0x0000000090c00000,0x0000000092b66d98,0x0000000097980000)
 Metaspace       used 58574K, capacity 60841K, committed 61144K, reserved 1101824K
  class space    used 7435K, capacity 7828K, committed 7896K, reserved 1048576K
Event: 1905.539 GC heap after
Heap after GC invocations=22 (full 3):
 PSYoungGen      total 313344K, used 1376K [0x00000000daf00000, 0x00000000f1400000, 0x0000000100000000)
  eden space 311808K, 0% used [0x00000000daf00000,0x00000000daf00000,0x00000000edf80000)
  from space 1536K, 89% used [0x00000000ef780000,0x00000000ef8d8080,0x00000000ef900000)
  to   space 14848K, 0% used [0x00000000f0580000,0x00000000f0580000,0x00000000f1400000)
 ParOldGen       total 112128K, used 32163K [0x0000000090c00000, 0x0000000097980000, 0x00000000daf00000)
  object space 112128K, 28% used [0x0000000090c00000,0x0000000092b68d98,0x0000000097980000)
 Metaspace       used 58574K, capacity 60841K, committed 61144K, reserved 1101824K
  class space    used 7435K, capacity 7828K, committed 7896K, reserved 1048576K
}
Event: 1905.539 GC heap before
{Heap before GC invocations=23 (full 4):
 PSYoungGen      total 313344K, used 1376K [0x00000000daf00000, 0x00000000f1400000, 0x0000000100000000)
  eden space 311808K, 0% used [0x00000000daf00000,0x00000000daf00000,0x00000000edf80000)
  from space 1536K, 89% used [0x00000000ef780000,0x00000000ef8d8080,0x00000000ef900000)
  to   space 14848K, 0% used [0x00000000f0580000,0x00000000f0580000,0x00000000f1400000)
 ParOldGen       total 112128K, used 32163K [0x0000000090c00000, 0x0000000097980000, 0x00000000daf00000)
  object space 112128K, 28% used [0x0000000090c00000,0x0000000092b68d98,0x0000000097980000)
 Metaspace       used 58574K, capacity 60841K, committed 61144K, reserved 1101824K
  class space    used 7435K, capacity 7828K, committed 7896K, reserved 1048576K
Event: 1905.819 GC heap after
Heap after GC invocations=23 (full 4):
 PSYoungGen      total 313344K, used 0K [0x00000000daf00000, 0x00000000f1400000, 0x0000000100000000)
  eden space 311808K, 0% used [0x00000000daf00000,0x00000000daf00000,0x00000000edf80000)
  from space 1536K, 0% used [0x00000000ef780000,0x00000000ef780000,0x00000000ef900000)
  to   space 14848K, 0% used [0x00000000f0580000,0x00000000f0580000,0x00000000f1400000)
 ParOldGen       total 112128K, used 23590K [0x0000000090c00000, 0x0000000097980000, 0x00000000daf00000)
  object space 112128K, 21% used [0x0000000090c00000,0x0000000092309868,0x0000000097980000)
 Metaspace       used 58275K, capacity 60375K, committed 61144K, reserved 1101824K
  class space    used 7389K, capacity 7745K, committed 7896K, reserved 1048576K
}
Event: 1919.140 GC heap before
{Heap before GC invocations=24 (full 4):
 PSYoungGen      total 313344K, used 210200K [0x00000000daf00000, 0x00000000f1400000, 0x0000000100000000)
  eden space 311808K, 67% used [0x00000000daf00000,0x00000000e7c46150,0x00000000edf80000)
  from space 1536K, 0% used [0x00000000ef780000,0x00000000ef780000,0x00000000ef900000)
  to   space 14848K, 0% used [0x00000000f0580000,0x00000000f0580000,0x00000000f1400000)
 ParOldGen       total 112128K, used 23590K [0x0000000090c00000, 0x0000000097980000, 0x00000000daf00000)
  object space 112128K, 21% used [0x0000000090c00000,0x0000000092309868,0x0000000097980000)
 Metaspace       used 59445K, capacity 61685K, committed 61912K, reserved 1103872K
  class space    used 7455K, capacity 7833K, committed 7896K, reserved 1048576K

Deoptimization events (10 events):
Event: 1918.783 Thread 0x0000000019a6d800 Uncommon trap: reason=unhandled action=none pc=0x000000000383e268 method=java.net.URLClassLoader.findClass(Ljava/lang/String;)Ljava/lang/Class; @ 44
Event: 1918.783 Thread 0x0000000019a6d800 Uncommon trap: reason=unhandled action=none pc=0x000000000306bafc method=java.net.URLClassLoader.findClass(Ljava/lang/String;)Ljava/lang/Class; @ 44
Event: 1918.795 Thread 0x000000001b758000 Uncommon trap: reason=class_check action=maybe_recompile pc=0x0000000003bbc850 method=java.util.Collections$SynchronizedCollection.add(Ljava/lang/Object;)Z @ 12
Event: 1919.123 Thread 0x000000001b758000 Uncommon trap: reason=unhandled action=none pc=0x000000000306bafc method=java.net.URLClassLoader.findClass(Ljava/lang/String;)Ljava/lang/Class; @ 44
Event: 1919.123 Thread 0x000000001b758000 Uncommon trap: reason=unhandled action=none pc=0x000000000306bafc method=java.net.URLClassLoader.findClass(Ljava/lang/String;)Ljava/lang/Class; @ 44
Event: 1919.123 Thread 0x000000001b758000 Uncommon trap: reason=unhandled action=none pc=0x000000000306bafc method=java.net.URLClassLoader.findClass(Ljava/lang/String;)Ljava/lang/Class; @ 44
Event: 1919.124 Thread 0x000000001b758000 Uncommon trap: reason=unhandled action=none pc=0x000000000306bafc method=java.net.URLClassLoader.findClass(Ljava/lang/String;)Ljava/lang/Class; @ 44
Event: 1919.124 Thread 0x000000001b758000 Uncommon trap: reason=unhandled action=none pc=0x000000000306bafc method=java.net.URLClassLoader.findClass(Ljava/lang/String;)Ljava/lang/Class; @ 44
Event: 1919.124 Thread 0x000000001b758000 Uncommon trap: reason=unhandled action=none pc=0x000000000306bafc method=java.net.URLClassLoader.findClass(Ljava/lang/String;)Ljava/lang/Class; @ 44
Event: 1919.124 Thread 0x000000001b758000 Uncommon trap: reason=unhandled action=none pc=0x000000000306bafc method=java.net.URLClassLoader.findClass(Ljava/lang/String;)Ljava/lang/Class; @ 44

Classes redefined (4 events):
Event: 1895.702 Thread 0x00000000170a8000 redefined class name=cn.syf.csp.fais.api.NewStudentExcelApi, count=1
Event: 1900.452 Thread 0x00000000170a8000 redefined class name=cn.syf.csp.fais.api.NewStudentExcelApi, count=2
Event: 1917.718 Thread 0x00000000170a8000 redefined class name=cn.syf.csp.fais.api.NewStudentExcelApi, count=1
Event: 1917.775 Thread 0x00000000170a8000 redefined class name=cn.syf.csp.fais.api.NewStudentExcelApi, count=3

Internal exceptions (10 events):
Event: 1909.407 Thread 0x0000000019a6a800 Exception <a 'java/lang/ArrayIndexOutOfBoundsException': 53> (0x00000000e64709a8) thrown at [C:\re\workspace\8-2-build-windows-amd64-cygwin\jdk8u201\12322\hotspot\src\share\vm\interpreter\interpreterRuntime.cpp, line 368]
Event: 1909.407 Thread 0x0000000019a6a800 Exception <a 'java/lang/ArrayIndexOutOfBoundsException': 53> (0x00000000e6477518) thrown at [C:\re\workspace\8-2-build-windows-amd64-cygwin\jdk8u201\12322\hotspot\src\share\vm\interpreter\interpreterRuntime.cpp, line 368]
Event: 1909.407 Thread 0x0000000019a6a800 Exception <a 'java/lang/ArrayIndexOutOfBoundsException': 53> (0x00000000e647da60) thrown at [C:\re\workspace\8-2-build-windows-amd64-cygwin\jdk8u201\12322\hotspot\src\share\vm\interpreter\interpreterRuntime.cpp, line 368]
Event: 1909.408 Thread 0x0000000019a6a800 Exception <a 'java/lang/ArrayIndexOutOfBoundsException': 53> (0x00000000e6482f90) thrown at [C:\re\workspace\8-2-build-windows-amd64-cygwin\jdk8u201\12322\hotspot\src\share\vm\interpreter\interpreterRuntime.cpp, line 368]
Event: 1909.408 Thread 0x0000000019a6a800 Exception <a 'java/lang/ArrayIndexOutOfBoundsException': 53> (0x00000000e64870d8) thrown at [C:\re\workspace\8-2-build-windows-amd64-cygwin\jdk8u201\12322\hotspot\src\share\vm\interpreter\interpreterRuntime.cpp, line 368]
Event: 1909.408 Thread 0x0000000019a6a800 Exception <a 'java/lang/ArrayIndexOutOfBoundsException': 53> (0x00000000e648ee20) thrown at [C:\re\workspace\8-2-build-windows-amd64-cygwin\jdk8u201\12322\hotspot\src\share\vm\interpreter\interpreterRuntime.cpp, line 368]
Event: 1909.409 Thread 0x0000000019a6a800 Exception <a 'java/lang/ArrayIndexOutOfBoundsException': 53> (0x00000000e6494b60) thrown at [C:\re\workspace\8-2-build-windows-amd64-cygwin\jdk8u201\12322\hotspot\src\share\vm\interpreter\interpreterRuntime.cpp, line 368]
Event: 1909.409 Thread 0x0000000019a6a800 Exception <a 'java/lang/ArrayIndexOutOfBoundsException': 53> (0x00000000e649b6d0) thrown at [C:\re\workspace\8-2-build-windows-amd64-cygwin\jdk8u201\12322\hotspot\src\share\vm\interpreter\interpreterRuntime.cpp, line 368]
Event: 1909.410 Thread 0x0000000019a6a800 Exception <a 'java/lang/ArrayIndexOutOfBoundsException': 53> (0x00000000e64a1c18) thrown at [C:\re\workspace\8-2-build-windows-amd64-cygwin\jdk8u201\12322\hotspot\src\share\vm\interpreter\interpreterRuntime.cpp, line 368]
Event: 1919.135 Thread 0x0000000019a6d000 Exception <a 'java/lang/InterruptedException': sleep interrupted> (0x00000000e7bb85d8) thrown at [C:\re\workspace\8-2-build-windows-amd64-cygwin\jdk8u201\12322\hotspot\src\share\vm\prims\jvm.cpp, line 3340]

Events (10 events):
Event: 1919.135 Executing VM operation: RevokeBias
Event: 1919.135 Executing VM operation: RevokeBias done
Event: 1919.135 Executing VM operation: RevokeBias
Event: 1919.135 Executing VM operation: RevokeBias done
Event: 1919.135 Executing VM operation: RevokeBias
Event: 1919.135 Executing VM operation: RevokeBias done
Event: 1919.135 Thread 0x0000000019a6d000 Thread exited: 0x0000000019a6d000
Event: 1919.136 Executing VM operation: RevokeBias
Event: 1919.137 Executing VM operation: RevokeBias done
Event: 1919.139 Executing VM operation: ParallelGCSystemGC


Dynamic libraries:
0x00007ff61f990000 - 0x00007ff61f9c7000 	D:\java\sdk\bin\javaw.exe
0x00007ffeb2900000 - 0x00007ffeb2ae1000 	C:\WINDOWS\SYSTEM32\ntdll.dll
0x00007ffeb1e20000 - 0x00007ffeb1ed1000 	C:\WINDOWS\System32\KERNEL32.DLL
0x00007ffeaf030000 - 0x00007ffeaf2a3000 	C:\WINDOWS\System32\KERNELBASE.dll
0x00007ffeb14a0000 - 0x00007ffeb1541000 	C:\WINDOWS\System32\ADVAPI32.dll
0x00007ffeb1320000 - 0x00007ffeb13be000 	C:\WINDOWS\System32\msvcrt.dll
0x00007ffeb2450000 - 0x00007ffeb24ab000 	C:\WINDOWS\System32\sechost.dll
0x00007ffeb18a0000 - 0x00007ffeb19c4000 	C:\WINDOWS\System32\RPCRT4.dll
0x00007ffeb1580000 - 0x00007ffeb1710000 	C:\WINDOWS\System32\USER32.dll
0x00007ffeafd70000 - 0x00007ffeafd90000 	C:\WINDOWS\System32\win32u.dll
0x00007ffeb23f0000 - 0x00007ffeb2418000 	C:\WINDOWS\System32\GDI32.dll
0x00007ffeaf3c0000 - 0x00007ffeaf551000 	C:\WINDOWS\System32\gdi32full.dll
0x00007ffeaef90000 - 0x00007ffeaf02f000 	C:\WINDOWS\System32\msvcp_win.dll
0x00007ffeaf560000 - 0x00007ffeaf658000 	C:\WINDOWS\System32\ucrtbase.dll
0x00007ffea3a70000 - 0x00007ffea3cd9000 	C:\WINDOWS\WinSxS\amd64_microsoft.windows.common-controls_6595b64144ccf1df_6.0.17134.885_none_fb42a3473065565f\COMCTL32.dll
0x00007ffeb1ee0000 - 0x00007ffeb2202000 	C:\WINDOWS\System32\combase.dll
0x00007ffeaecd0000 - 0x00007ffeaed49000 	C:\WINDOWS\System32\bcryptPrimitives.dll
0x00007ffeb2420000 - 0x00007ffeb244d000 	C:\WINDOWS\System32\IMM32.DLL
0x0000000065f20000 - 0x0000000065ff1000 	D:\java\sdk\bin\msvcr100.dll
0x0000000063b00000 - 0x00000000643a4000 	D:\java\sdk\bin\server\jvm.dll
0x00007ffeb1710000 - 0x00007ffeb1718000 	C:\WINDOWS\System32\PSAPI.DLL
0x00007ffeac970000 - 0x00007ffeac993000 	C:\WINDOWS\SYSTEM32\WINMM.dll
0x00007ffeab910000 - 0x00007ffeab919000 	C:\WINDOWS\SYSTEM32\WSOCK32.dll
0x00007ffeb24b0000 - 0x00007ffeb251c000 	C:\WINDOWS\System32\WS2_32.dll
0x00007ffeac940000 - 0x00007ffeac96a000 	C:\WINDOWS\SYSTEM32\WINMMBASE.dll
0x00007ffeaed50000 - 0x00007ffeaed99000 	C:\WINDOWS\System32\cfgmgr32.dll
0x00007ffeaa4d0000 - 0x00007ffeaa4da000 	C:\WINDOWS\SYSTEM32\VERSION.dll
0x00007ffea8bd0000 - 0x00007ffea8bdf000 	D:\java\sdk\bin\verify.dll
0x00007ffea46c0000 - 0x00007ffea46e9000 	D:\java\sdk\bin\java.dll
0x00007ffea1020000 - 0x00007ffea1055000 	D:\java\sdk\bin\jdwp.dll
0x00007ffea6e80000 - 0x00007ffea6e88000 	D:\java\sdk\bin\npt.dll
0x00007ffe9e800000 - 0x00007ffe9e823000 	D:\java\sdk\bin\instrument.dll
0x00007ffea46a0000 - 0x00007ffea46b6000 	D:\java\sdk\bin\zip.dll
0x00007ffeafe80000 - 0x00007ffeb12c0000 	C:\WINDOWS\System32\SHELL32.dll
0x00007ffeb17f0000 - 0x00007ffeb1899000 	C:\WINDOWS\System32\shcore.dll
0x00007ffeaf660000 - 0x00007ffeafd6d000 	C:\WINDOWS\System32\windows.storage.dll
0x00007ffeb12c0000 - 0x00007ffeb1311000 	C:\WINDOWS\System32\shlwapi.dll
0x00007ffeaecb0000 - 0x00007ffeaecc1000 	C:\WINDOWS\System32\kernel.appcore.dll
0x00007ffeaec70000 - 0x00007ffeaec8f000 	C:\WINDOWS\System32\profapi.dll
0x00007ffeaec20000 - 0x00007ffeaec6c000 	C:\WINDOWS\System32\powrprof.dll
0x00007ffeaec10000 - 0x00007ffeaec1a000 	C:\WINDOWS\System32\FLTLIB.DLL
0x00007ffea4650000 - 0x00007ffea4659000 	D:\java\sdk\bin\dt_socket.dll
0x00007ffea4fd0000 - 0x00007ffea4fe6000 	C:\WINDOWS\system32\napinsp.dll
0x00007ffea4740000 - 0x00007ffea475a000 	C:\WINDOWS\system32\pnrpnsp.dll
0x00007ffeab560000 - 0x00007ffeab579000 	C:\WINDOWS\system32\NLAapi.dll
0x00007ffeae410000 - 0x00007ffeae476000 	C:\WINDOWS\System32\mswsock.dll
0x00007ffeae1e0000 - 0x00007ffeae29e000 	C:\WINDOWS\SYSTEM32\DNSAPI.dll
0x00007ffeb1570000 - 0x00007ffeb1578000 	C:\WINDOWS\System32\NSI.dll
0x00007ffeae1a0000 - 0x00007ffeae1d8000 	C:\WINDOWS\SYSTEM32\IPHLPAPI.DLL
0x00007ffeacf30000 - 0x00007ffeacf3e000 	C:\WINDOWS\System32\winrnr.dll
0x00007ffea7820000 - 0x00007ffea7835000 	C:\WINDOWS\System32\wshbth.dll
0x00007ffe9fe70000 - 0x00007ffe9ff7d000 	C:\WINDOWS\SysWOW64\ierd_tgp_lsp64.dll
0x00007ffeb26c0000 - 0x00007ffeb2811000 	C:\WINDOWS\System32\ole32.dll
0x00007ffea39f0000 - 0x00007ffea3a62000 	C:\WINDOWS\System32\fwpuclnt.dll
0x00007ffeae6f0000 - 0x00007ffeae715000 	C:\WINDOWS\SYSTEM32\bcrypt.dll
0x00007ffea34e0000 - 0x00007ffea34ea000 	C:\Windows\System32\rasadhlp.dll
0x00007ffea1ae0000 - 0x00007ffea1aed000 	D:\java\sdk\bin\management.dll
0x00007ffea1000000 - 0x00007ffea101a000 	D:\java\sdk\bin\net.dll
0x00007ffea4d30000 - 0x00007ffea4ef9000 	C:\WINDOWS\SYSTEM32\urlmon.dll
0x00007ffea5120000 - 0x00007ffea53c6000 	C:\WINDOWS\SYSTEM32\iertutil.dll
0x00007ffeae5e0000 - 0x00007ffeae5eb000 	C:\WINDOWS\SYSTEM32\CRYPTBASE.DLL
0x00007ffe9e7e0000 - 0x00007ffe9e7f1000 	D:\java\sdk\bin\nio.dll
0x00007ffeae5c0000 - 0x00007ffeae5d7000 	C:\WINDOWS\SYSTEM32\CRYPTSP.dll
0x00007ffeae000000 - 0x00007ffeae033000 	C:\WINDOWS\system32\rsaenh.dll
0x00007ffeaeb40000 - 0x00007ffeaeb68000 	C:\WINDOWS\SYSTEM32\USERENV.dll
0x00007ffea7190000 - 0x00007ffea71a6000 	C:\WINDOWS\SYSTEM32\dhcpcsvc6.DLL
0x00007ffea7010000 - 0x00007ffea702a000 	C:\WINDOWS\SYSTEM32\dhcpcsvc.DLL
0x00007ffe94b60000 - 0x00007ffe94d29000 	C:\WINDOWS\SYSTEM32\dbghelp.dll

VM Arguments:
jvm_args: -agentlib:jdwp=transport=dt_socket,suspend=y,address=localhost:49903 -javaagent:D:\application\sts-4.1.2.RELEASE\configuration\org.eclipse.osgi\240\0\.cp\lib\javaagent-shaded.jar -Dfile.encoding=UTF-8 
java_command: cn.syf.csp.fais.FaisSpringbootApplication
java_class_path (initial): D:\application\sts-4.1.2.RELEASE\springbootcloud-workspace\FAISSpringboot\target\classes;D:\eclipse\apache-maven-3.5.4\maven-lib\org\springframework\boot\spring-boot-starter-jdbc\2.1.4.RELEASE\spring-boot-starter-jdbc-2.1.4.RELEASE.jar;D:\eclipse\apache-maven-3.5.4\maven-lib\org\springframework\boot\spring-boot-starter\2.1.4.RELEASE\spring-boot-starter-2.1.4.RELEASE.jar;D:\eclipse\apache-maven-3.5.4\maven-lib\org\springframework\boot\spring-boot-starter-logging\2.1.4.RELEASE\spring-boot-starter-logging-2.1.4.RELEASE.jar;D:\eclipse\apache-maven-3.5.4\maven-lib\ch\qos\logback\logback-classic\1.2.3\logback-classic-1.2.3.jar;D:\eclipse\apache-maven-3.5.4\maven-lib\ch\qos\logback\logback-core\1.2.3\logback-core-1.2.3.jar;D:\eclipse\apache-maven-3.5.4\maven-lib\org\apache\logging\log4j\log4j-to-slf4j\2.11.2\log4j-to-slf4j-2.11.2.jar;D:\eclipse\apache-maven-3.5.4\maven-lib\org\apache\logging\log4j\log4j-api\2.11.2\log4j-api-2.11.2.jar;D:\eclipse\apache-maven-3.5.4\maven-lib\org\slf4j\jul-to-slf4j\1.7.26\jul-to-slf4j-1.7.26.jar;D:\eclipse\apache-maven-3.5.4\maven-lib\org\yaml\snakeyaml\1.23\snakeyaml-1.23.jar;D:\eclipse\apache-maven-3.5.4\maven-lib\com\zaxxer\HikariCP\3.2.0\HikariCP-3.2.0.jar;D:\eclipse\apache-maven-3.5.4\maven-lib\org\springframework\spring-jdbc\5.1.6.RELEASE\spring-jdbc-5.1.6.RELEASE.jar;D:\eclipse\apache-maven-3.5.4\maven-lib\org\springframework\spring-beans\5.1.6.RELEASE\spring-beans-5.1.6.RELEASE.jar;D:\eclipse\apache-maven-3.5.4\maven-lib\org\springframework\spring-tx\5.1.6.RELEASE\spring-tx-5.1.6.RELEASE.jar;D:\eclipse\apache-maven-3.5.4\maven-lib\org\springframework\boot\spring-boot-starter-web\2.1.4.RELEASE\spring-boot-starter-web-2.1.4.RELEASE.jar;D:\eclipse\apache-maven-3.5.4\maven-lib\org\springframework\boot\spring-boot-starter-json\2.1.4.RELEASE\spring-boot-starter-json-2.1.4.RELEASE.jar;D:\eclipse\apache-maven-3.5.4\maven-lib\com\fasterxml\jackson\datatype\jackson-datatype-jdk8\2.9.8\jackson-datatype-jdk8-2.9.8.ja
Launcher Type: SUN_STANDARD

Environment Variables:
JAVA_HOME=D:\java\jdk
CLASSPATH=.;D:\java\jdk\bin;D:\java\jdk\lib\dt.jar;D:\java\jdk\lib\tools.jar
PATH=D:/java/jdk/bin/../jre/bin/server;D:/java/jdk/bin/../jre/bin;D:/java/jdk/bin/../jre/lib/amd64;D:\应用软件\XShell\;C:\;rogram Files (x86)\Common Files\Oracle\Java\javapath;C:\WINDOWS\system32;C:\WINDOWS;C:\WINDOWS\System32\Wbem;C:\WINDOWS\System32\WindowsPowerShell\v1.0\;D:\java\jdk;"D:\java\jdk\bin;D:\java\jdk\jre\bin;";C:\Program Files (x86)\ATI Technologies\ATI.ACE\Core-Static;D:\visual studio code\note js\;C:\WINDOWS\System32\OpenSSH\;D:\eclipse\apache-maven-3.5.4\bin;D:\application\git\Git\cmd;D:\java\jdk\bin;D:\java\jdk\jre\bin;C:\Users\Administrator\AppData\Local\Microsoft\WindowsApps;C:\Users\Administrator\AppData\Roaming\npm;;D:\Application\sts-4.1.2.RELEASE;
USERNAME=Administrator
OS=Windows_NT
PROCESSOR_IDENTIFIER=AMD64 Family 21 Model 48 Stepping 1, AuthenticAMD



---------------  S Y S T E M  ---------------

OS: Windows 10.0 , 64 bit Build 17134 (10.0.17134.753)

CPU:total 4 (initial active 4) (4 cores per cpu, 1 threads per core) family 21 model 48 stepping 1, cmov, cx8, fxsr, mmx, sse, sse2, sse3, ssse3, sse4.1, sse4.2, popcnt, avx, aes, clmul, mmxext, 3dnowpref, lzcnt, sse4a, tsc, tscinvbit, tscinv, bmi1

Memory: 4k page, physical 7285172k(2972020k free), swap 7874996k(2604636k free)

vm_info: Java HotSpot(TM) 64-Bit Server VM (25.201-b09) for windows-amd64 JRE (1.8.0_201-b09), built on Dec 15 2018 18:36:39 by "java_re" with MS VC++ 10.0 (VS2010)

time: Mon Jul 22 13:33:24 2019
timezone: 中国标准时间
elapsed time: 1919 seconds (0d 0h 31m 59s)

